<?xml version="1.0" encoding="UTF-8"?>
<!-- Generated by org.testng.reporters.JUnitXMLReporter -->
<testsuite ignored="2" hostname="WIN-RP7PLBP3FT3" failures="0" tests="7" name="Surefire test" time="412.693" errors="0" timestamp="2022-11-01T21:46:20 EET">
  <testcase classname="com.solvd.carina.demo.my_test_cases.LogInTestCases" name="testNegativeLogIn" time="56.587"/>
  <testcase classname="com.solvd.carina.demo.my_test_cases.LogInTestCases" name="testNegativeLogIn" time="58.159"/>
  <testcase classname="com.solvd.carina.demo.my_test_cases.LogInTestCases" name="testNegativeLogIn" time="57.863"/>
  <testcase classname="com.solvd.carina.demo.my_test_cases.LogInTestCases" name="testNegativeLogIn" time="60.014"/>
  <testcase classname="com.solvd.carina.demo.my_test_cases.LogInTestCases" name="testNegativeLogIn" time="56.095"/>
  <testcase classname="com.solvd.carina.demo.my_test_cases.LogInTestCases" name="testNegativeLogIn" time="59.354"/>
  <testcase classname="com.solvd.carina.demo.my_test_cases.LogInTestCases" name="testNegativeLogIn" time="57.766"/>
  <testcase classname="com.solvd.carina.demo.my_test_cases.LogInTestCases" name="testLogInWindow" time="0.0">
    <ignored/>
  </testcase> <!-- testLogInWindow -->
  <testcase classname="com.solvd.carina.demo.my_test_cases.LogInTestCases" name="testLogIn" time="0.0">
    <ignored/>
  </testcase> <!-- testLogIn -->
</testsuite> <!-- Surefire test -->
