<?xml version="1.0" encoding="UTF-8"?>
<!-- Generated by org.testng.reporters.JUnitXMLReporter -->
<testsuite ignored="0" hostname="WIN-RP7PLBP3FT3" failures="0" tests="4" name="User API tests" time="36.374" errors="0" timestamp="2022-10-18T18:40:42 EEST">
  <testcase classname="com.solvd.carina.demo.APISampleTest" name="testCreateUserMissingSomeFields" time="33.801"/>
  <testcase classname="com.solvd.carina.demo.APISampleTest" name="testDeleteUsers" time="34.461"/>
  <testcase classname="com.solvd.carina.demo.APISampleTest" name="testCreateUser" time="34.518"/>
  <testcase classname="com.solvd.carina.demo.APISampleTest" name="testGetUsers" time="36.016"/>
</testsuite> <!-- User API tests -->
