<?xml version="1.0" encoding="UTF-8"?>
<testsuite xmlns:xsi="http://www.w3.org/2001/XMLSchema-instance" xsi:noNamespaceSchemaLocation="https://maven.apache.org/surefire/maven-surefire-plugin/xsd/surefire-test-report-3.0.xsd" version="3.0" name="com.solvd.carina.demo.my_test_cases.LogInTestCases" time="417.273" tests="7" errors="0" skipped="0" failures="0">
  <properties>
[...]
</properties>
  <testcase name="testNegativeLogIn[, , Заповніть це поле., Заповніть це поле.](1)" classname="com.solvd.carina.demo.my_test_cases.LogInTestCases" time="57.784">
    <system-out><![CDATA[2022-11-01 21:39:24 CarinaListener [main] [INFO] 
============= Test configuration =============
url=https://www.gsmarena.com
env=DEMO
selenium_url=http://localhost:4444/wd/hub
auto_screenshot=true
project_report_directory=./reports
max_screen_history=10
localization_encoding=UTF-8
selenium_url=http://localhost:4444/wd/hub

------------- Driver capabilities -----------
capabilities.browserName=chrome
================================================

2022-11-01 21:39:25 TestRunRegistrar [main-1] [WARN] Reporting disabled: using no op test run registrar
2022-11-01 21:39:27 Reflections [main-1] [INFO] Reflections took 2092 ms to scan 11 urls, producing 2605 keys and 12725 values 
2022-11-01 21:39:27 CarinaListener [main-1] [INFO] Set thread-count=1
2022-11-01 21:39:27 CarinaListener [main-1] [INFO] Set data-provider-thread-count=1
2022-11-01 21:39:27 CarinaListener [main-1] [INFO] CARINA_CORE_VERSION: 7.4.26
2022-11-01 21:39:27 TestRunRegistrar [main-1] [WARN] Reporting disabled: using no op test run registrar
2022-11-01 21:39:27 Messager [main-1] [INFO] TEST [Surefire test - testNegativeLogIn [L01]] STARTED at [21:39:27 2022-11-01]
2022-11-01 21:39:27 DriverFactory [main-1] [INFO] Starting driver session...
2022-11-01 21:39:38 DriverFactory [main-1] [INFO] Driver session started.
2022-11-01 21:39:38 Messager [main-1] [INFO] INFO: opening url 'https://www.gsmarena.com'
2022-11-01 21:39:39 DriverListener [main-1] [INFO] INFO: url 'https://www.gsmarena.com' is opened.
2022-11-01 21:40:14 DriverListener [main-1] [INFO] PASS: element 'logInButton' is clicked.
2022-11-01 21:40:16 DriverListener [main-1] [INFO] PASS: keys cleared in element 'emailField'.
2022-11-01 21:40:17 DriverListener [main-1] [INFO] PASS: keys '' are sent to element 'emailField'.
2022-11-01 21:40:19 DriverListener [main-1] [INFO] PASS: keys cleared in element 'passwordField'.
2022-11-01 21:40:20 DriverListener [main-1] [INFO] PASS: keys '' are sent to element 'passwordField'.
2022-11-01 21:40:22 DriverListener [main-1] [INFO] PASS: element 'logInButton' is clicked.
2022-11-01 21:40:25 Messager [main-1] [INFO] TEST [Surefire test - testNegativeLogIn [L01]] PASSED at [21:40:25 2022-11-01]
]]></system-out>
    <system-err><![CDATA[лист. 01, 2022 9:39:38 ПП org.openqa.selenium.remote.ProtocolHandshake createSession
INFO: Detected dialect: W3C
]]></system-err>
  </testcase>
  <testcase name="testNegativeLogIn[incorrectEmail@gmailcom, , , Заповніть це поле.](2)" classname="com.solvd.carina.demo.my_test_cases.LogInTestCases" time="59.159">
    <system-out><![CDATA[2022-11-01 21:40:25 Messager [main-1] [INFO] TEST [Surefire test - testNegativeLogIn [L02]] STARTED at [21:40:25 2022-11-01]
2022-11-01 21:40:25 DriverFactory [main-1] [INFO] Starting driver session...
2022-11-01 21:40:38 DriverFactory [main-1] [INFO] Driver session started.
2022-11-01 21:40:38 Messager [main-1] [INFO] INFO: opening url 'https://www.gsmarena.com'
2022-11-01 21:40:40 DriverListener [main-1] [INFO] INFO: url 'https://www.gsmarena.com' is opened.
2022-11-01 21:41:12 DriverListener [main-1] [INFO] PASS: element 'logInButton' is clicked.
2022-11-01 21:41:15 DriverListener [main-1] [INFO] PASS: keys cleared in element 'emailField'.
2022-11-01 21:41:16 DriverListener [main-1] [INFO] PASS: keys 'incorrectEmail@gmailcom' are sent to element 'emailField'.
2022-11-01 21:41:18 DriverListener [main-1] [INFO] PASS: keys cleared in element 'passwordField'.
2022-11-01 21:41:19 DriverListener [main-1] [INFO] PASS: keys '' are sent to element 'passwordField'.
2022-11-01 21:41:21 DriverListener [main-1] [INFO] PASS: element 'logInButton' is clicked.
2022-11-01 21:41:24 Messager [main-1] [INFO] TEST [Surefire test - testNegativeLogIn [L02]] PASSED at [21:41:24 2022-11-01]
]]></system-out>
    <system-err><![CDATA[лист. 01, 2022 9:40:38 ПП org.openqa.selenium.remote.ProtocolHandshake createSession
INFO: Detected dialect: W3C
]]></system-err>
  </testcase>
  <testcase name="testNegativeLogIn[, qwe, Заповніть це поле., Виберіть потрібний формат.](3)" classname="com.solvd.carina.demo.my_test_cases.LogInTestCases" time="58.794">
    <system-out><![CDATA[2022-11-01 21:41:24 Messager [main-1] [INFO] TEST [Surefire test - testNegativeLogIn [L03]] STARTED at [21:41:24 2022-11-01]
2022-11-01 21:41:24 DriverFactory [main-1] [INFO] Starting driver session...
2022-11-01 21:41:38 DriverFactory [main-1] [INFO] Driver session started.
2022-11-01 21:41:38 Messager [main-1] [INFO] INFO: opening url 'https://www.gsmarena.com'
2022-11-01 21:41:39 DriverListener [main-1] [INFO] INFO: url 'https://www.gsmarena.com' is opened.
2022-11-01 21:42:12 DriverListener [main-1] [INFO] PASS: element 'logInButton' is clicked.
2022-11-01 21:42:14 DriverListener [main-1] [INFO] PASS: keys cleared in element 'emailField'.
2022-11-01 21:42:15 DriverListener [main-1] [INFO] PASS: keys '' are sent to element 'emailField'.
2022-11-01 21:42:17 DriverListener [main-1] [INFO] PASS: keys cleared in element 'passwordField'.
2022-11-01 21:42:18 DriverListener [main-1] [INFO] PASS: keys 'qwe' are sent to element 'passwordField'.
2022-11-01 21:42:20 DriverListener [main-1] [INFO] PASS: element 'logInButton' is clicked.
2022-11-01 21:42:23 Messager [main-1] [INFO] TEST [Surefire test - testNegativeLogIn [L03]] PASSED at [21:42:23 2022-11-01]
]]></system-out>
    <system-err><![CDATA[лист. 01, 2022 9:41:37 ПП org.openqa.selenium.remote.ProtocolHandshake createSession
INFO: Detected dialect: W3C
]]></system-err>
  </testcase>
  <testcase name="testNegativeLogIn[incorrectEmail@, qwe, Введіть частину електронної адреси після знака &quot;@&quot;. Електронна адреса &quot;incorrectEmail@&quot; неповна., Виберіть потрібний формат.](4)" classname="com.solvd.carina.demo.my_test_cases.LogInTestCases" time="60.944">
    <system-out><![CDATA[2022-11-01 21:42:23 Messager [main-1] [INFO] TEST [Surefire test - testNegativeLogIn [L04]] STARTED at [21:42:23 2022-11-01]
2022-11-01 21:42:23 DriverFactory [main-1] [INFO] Starting driver session...
2022-11-01 21:42:38 DriverFactory [main-1] [INFO] Driver session started.
2022-11-01 21:42:38 Messager [main-1] [INFO] INFO: opening url 'https://www.gsmarena.com'
2022-11-01 21:42:40 DriverListener [main-1] [INFO] INFO: url 'https://www.gsmarena.com' is opened.
2022-11-01 21:43:13 DriverListener [main-1] [INFO] PASS: element 'logInButton' is clicked.
2022-11-01 21:43:15 DriverListener [main-1] [INFO] PASS: keys cleared in element 'emailField'.
2022-11-01 21:43:16 DriverListener [main-1] [INFO] PASS: keys 'incorrectEmail@' are sent to element 'emailField'.
2022-11-01 21:43:18 DriverListener [main-1] [INFO] PASS: keys cleared in element 'passwordField'.
2022-11-01 21:43:19 DriverListener [main-1] [INFO] PASS: keys 'qwe' are sent to element 'passwordField'.
2022-11-01 21:43:21 DriverListener [main-1] [INFO] PASS: element 'logInButton' is clicked.
2022-11-01 21:43:24 Messager [main-1] [INFO] TEST [Surefire test - testNegativeLogIn [L04]] PASSED at [21:43:24 2022-11-01]
]]></system-out>
    <system-err><![CDATA[лист. 01, 2022 9:42:38 ПП org.openqa.selenium.remote.ProtocolHandshake createSession
INFO: Detected dialect: W3C
]]></system-err>
  </testcase>
  <testcase name="testNegativeLogIn[correctEmailgmail.com, C0r3ktP4SS, Електронна адреса має містити знак &quot;@&quot;. В електронній адресі &quot;correctEmailgmail.com&quot; знака &quot;@&quot; немає., ](5)" classname="com.solvd.carina.demo.my_test_cases.LogInTestCases" time="56.999">
    <system-out><![CDATA[2022-11-01 21:43:24 Messager [main-1] [INFO] TEST [Surefire test - testNegativeLogIn [L05]] STARTED at [21:43:24 2022-11-01]
2022-11-01 21:43:24 DriverFactory [main-1] [INFO] Starting driver session...
2022-11-01 21:43:37 DriverFactory [main-1] [INFO] Driver session started.
2022-11-01 21:43:37 Messager [main-1] [INFO] INFO: opening url 'https://www.gsmarena.com'
2022-11-01 21:43:39 DriverListener [main-1] [INFO] INFO: url 'https://www.gsmarena.com' is opened.
2022-11-01 21:44:11 DriverListener [main-1] [INFO] PASS: element 'logInButton' is clicked.
2022-11-01 21:44:13 DriverListener [main-1] [INFO] PASS: keys cleared in element 'emailField'.
2022-11-01 21:44:14 DriverListener [main-1] [INFO] PASS: keys 'correctEmailgmail.com' are sent to element 'emailField'.
2022-11-01 21:44:15 DriverListener [main-1] [INFO] PASS: keys cleared in element 'passwordField'.
2022-11-01 21:44:17 DriverListener [main-1] [INFO] PASS: keys 'C0r3ktP4SS' are sent to element 'passwordField'.
2022-11-01 21:44:18 DriverListener [main-1] [INFO] PASS: element 'logInButton' is clicked.
2022-11-01 21:44:21 Messager [main-1] [INFO] TEST [Surefire test - testNegativeLogIn [L05]] PASSED at [21:44:21 2022-11-01]
]]></system-out>
    <system-err><![CDATA[лист. 01, 2022 9:43:37 ПП org.openqa.selenium.remote.ProtocolHandshake createSession
INFO: Detected dialect: W3C
]]></system-err>
  </testcase>
  <testcase name="testNegativeLogIn[correctEmail@gmail.com, qwe, , Виберіть потрібний формат.](6)" classname="com.solvd.carina.demo.my_test_cases.LogInTestCases" time="60.256">
    <system-out><![CDATA[2022-11-01 21:44:21 Messager [main-1] [INFO] TEST [Surefire test - testNegativeLogIn [L06]] STARTED at [21:44:21 2022-11-01]
2022-11-01 21:44:21 DriverFactory [main-1] [INFO] Starting driver session...
2022-11-01 21:44:37 DriverFactory [main-1] [INFO] Driver session started.
2022-11-01 21:44:37 Messager [main-1] [INFO] INFO: opening url 'https://www.gsmarena.com'
2022-11-01 21:44:38 DriverListener [main-1] [INFO] INFO: url 'https://www.gsmarena.com' is opened.
2022-11-01 21:45:11 DriverListener [main-1] [INFO] PASS: element 'logInButton' is clicked.
2022-11-01 21:45:13 DriverListener [main-1] [INFO] PASS: keys cleared in element 'emailField'.
2022-11-01 21:45:14 DriverListener [main-1] [INFO] PASS: keys 'correctEmail@gmail.com' are sent to element 'emailField'.
2022-11-01 21:45:16 DriverListener [main-1] [INFO] PASS: keys cleared in element 'passwordField'.
2022-11-01 21:45:17 DriverListener [main-1] [INFO] PASS: keys 'qwe' are sent to element 'passwordField'.
2022-11-01 21:45:18 DriverListener [main-1] [INFO] PASS: element 'logInButton' is clicked.
2022-11-01 21:45:21 Messager [main-1] [INFO] TEST [Surefire test - testNegativeLogIn [L06]] PASSED at [21:45:21 2022-11-01]
]]></system-out>
    <system-err><![CDATA[лист. 01, 2022 9:44:37 ПП org.openqa.selenium.remote.ProtocolHandshake createSession
INFO: Detected dialect: W3C
]]></system-err>
  </testcase>
  <testcase name="testNegativeLogIn[@gmail.com, C0r3ktP4SS, Введіть частину електронної адреси до знака &quot;@&quot;. Електронна адреса &quot;@gmail.com&quot; неповна., ](7)" classname="com.solvd.carina.demo.my_test_cases.LogInTestCases" time="58.617">
    <system-out><![CDATA[2022-11-01 21:45:21 Messager [main-1] [INFO] TEST [Surefire test - testNegativeLogIn [L07]] STARTED at [21:45:21 2022-11-01]
2022-11-01 21:45:21 DriverFactory [main-1] [INFO] Starting driver session...
2022-11-01 21:45:38 DriverFactory [main-1] [INFO] Driver session started.
2022-11-01 21:45:38 Messager [main-1] [INFO] INFO: opening url 'https://www.gsmarena.com'
2022-11-01 21:45:39 DriverListener [main-1] [INFO] INFO: url 'https://www.gsmarena.com' is opened.
2022-11-01 21:46:10 DriverListener [main-1] [INFO] PASS: element 'logInButton' is clicked.
2022-11-01 21:46:12 DriverListener [main-1] [INFO] PASS: keys cleared in element 'emailField'.
2022-11-01 21:46:13 DriverListener [main-1] [INFO] PASS: keys '@gmail.com' are sent to element 'emailField'.
2022-11-01 21:46:14 DriverListener [main-1] [INFO] PASS: keys cleared in element 'passwordField'.
2022-11-01 21:46:16 DriverListener [main-1] [INFO] PASS: keys 'C0r3ktP4SS' are sent to element 'passwordField'.
2022-11-01 21:46:17 DriverListener [main-1] [INFO] PASS: element 'logInButton' is clicked.
2022-11-01 21:46:20 Messager [main-1] [INFO] TEST [Surefire test - testNegativeLogIn [L07]] PASSED at [21:46:20 2022-11-01]
]]></system-out>
    <system-err><![CDATA[лист. 01, 2022 9:45:37 ПП org.openqa.selenium.remote.ProtocolHandshake createSession
INFO: Detected dialect: W3C
]]></system-err>
  </testcase>
</testsuite>