<?xml version="1.0" encoding="UTF-8"?>
<testng-results ignored="0" total="4" passed="4" failed="0" skipped="0">
  <reporter-output>
  </reporter-output>
  <suite started-at="2022-10-18T18:40:06 EEST" name="Carina Demo Tests - API Sample" finished-at="2022-10-18T18:40:42 EEST" duration-ms="36374">
    <groups>
    </groups>
    <test started-at="2022-10-18T18:40:06 EEST" name="User API tests" finished-at="2022-10-18T18:40:42 EEST" duration-ms="36374">
      <class name="com.solvd.carina.demo.APISampleTest">
        <test-method signature="testCreateUser()[pri:0, instance:com.solvd.carina.demo.APISampleTest@408bb173]" started-at="2022-10-18T18:40:06 EEST" name="testCreateUser" finished-at="2022-10-18T18:40:41 EEST" duration-ms="34518" status="PASS">
          <reporter-output>
          </reporter-output>
        </test-method> <!-- testCreateUser -->
        <test-method signature="testDeleteUsers()[pri:0, instance:com.solvd.carina.demo.APISampleTest@408bb173]" started-at="2022-10-18T18:40:06 EEST" name="testDeleteUsers" finished-at="2022-10-18T18:40:40 EEST" duration-ms="34461" status="PASS">
          <reporter-output>
          </reporter-output>
        </test-method> <!-- testDeleteUsers -->
        <test-method signature="testGetUsers()[pri:0, instance:com.solvd.carina.demo.APISampleTest@408bb173]" started-at="2022-10-18T18:40:06 EEST" name="testGetUsers" finished-at="2022-10-18T18:40:42 EEST" duration-ms="36016" status="PASS">
          <reporter-output>
          </reporter-output>
        </test-method> <!-- testGetUsers -->
        <test-method signature="testCreateUserMissingSomeFields()[pri:0, instance:com.solvd.carina.demo.APISampleTest@408bb173]" started-at="2022-10-18T18:40:06 EEST" name="testCreateUserMissingSomeFields" finished-at="2022-10-18T18:40:40 EEST" duration-ms="33801" status="PASS">
          <reporter-output>
          </reporter-output>
        </test-method> <!-- testCreateUserMissingSomeFields -->
      </class> <!-- com.solvd.carina.demo.APISampleTest -->
    </test> <!-- User API tests -->
  </suite> <!-- Carina Demo Tests - API Sample -->
</testng-results>
