<?xml version="1.0" encoding="UTF-8"?>
<testsuite xmlns:xsi="http://www.w3.org/2001/XMLSchema-instance" xsi:noNamespaceSchemaLocation="https://maven.apache.org/surefire/maven-surefire-plugin/xsd/surefire-test-report-3.0.xsd" version="3.0" name="TestSuite" time="885.399" tests="11" errors="0" skipped="0" failures="0">
  <properties>
[...]
</properties>
  <testcase name="testNegativeLogIn[, , Заповніть це поле., Заповніть це поле.](1)" classname="com.solvd.carina.demo.my_test_cases.LogInTestCases" time="93.005">
    <system-out><![CDATA[2022-11-01 21:49:49 CarinaListener [main] [INFO] 
============= Test configuration =============
url=https://www.gsmarena.com
env=DEMO
selenium_url=http://localhost:4444/wd/hub
auto_screenshot=true
project_report_directory=./reports
max_screen_history=10
localization_encoding=UTF-8
selenium_url=http://localhost:4444/wd/hub

------------- Driver capabilities -----------
capabilities.browserName=chrome
================================================

2022-11-01 21:49:49 TestRunRegistrar [main-1] [WARN] Reporting disabled: using no op test run registrar
2022-11-01 21:49:51 Reflections [main-1] [INFO] Reflections took 1490 ms to scan 11 urls, producing 2605 keys and 12725 values 
2022-11-01 21:49:51 CarinaListener [main-1] [INFO] Use thread-count='5' from suite file.
2022-11-01 21:49:51 CarinaListener [main-1] [INFO] Set data-provider-thread-count=1
2022-11-01 21:49:51 CarinaListener [main-1] [INFO] CARINA_CORE_VERSION: 7.4.26
2022-11-01 21:49:51 TestRunRegistrar [TestNG-test=LogIn-1] [WARN] Reporting disabled: using no op test run registrar
2022-11-01 21:49:51 Messager [TestNG-test=LogIn-1-21] [INFO] TEST [LogIn - testLogInWindow] STARTED at [21:49:51 2022-11-01]
2022-11-01 21:49:51 TestRunRegistrar [TestNG-test=LogIn-2] [WARN] Reporting disabled: using no op test run registrar
2022-11-01 21:49:51 Messager [TestNG-test=LogIn-2-22] [INFO] TEST [LogIn - testNegativeLogIn [L01]] STARTED at [21:49:51 2022-11-01]
2022-11-01 21:49:51 DriverFactory [TestNG-test=LogIn-2-22] [INFO] Starting driver session...
2022-11-01 21:49:51 DriverFactory [TestNG-test=LogIn-1-21] [INFO] Starting driver session...
2022-11-01 21:50:07 DriverFactory [TestNG-test=LogIn-1-21] [INFO] Driver session started.
2022-11-01 21:50:08 Messager [TestNG-test=LogIn-1-21] [INFO] INFO: opening url 'https://www.gsmarena.com'
2022-11-01 21:50:09 DriverFactory [TestNG-test=LogIn-2-22] [INFO] Driver session started.
2022-11-01 21:50:09 Messager [TestNG-test=LogIn-2-22] [INFO] INFO: opening url 'https://www.gsmarena.com'
2022-11-01 21:50:10 DriverListener [TestNG-test=LogIn-1-21] [INFO] INFO: url 'https://www.gsmarena.com' is opened.
2022-11-01 21:50:11 DriverListener [TestNG-test=LogIn-2-22] [INFO] INFO: url 'https://www.gsmarena.com' is opened.
2022-11-01 21:51:03 DriverListener [TestNG-test=LogIn-1-21] [INFO] PASS: element 'logInButton' is clicked.
2022-11-01 21:51:03 DriverListener [TestNG-test=LogIn-2-22] [INFO] PASS: element 'logInButton' is clicked.
2022-11-01 21:51:07 DriverListener [TestNG-test=LogIn-2-22] [INFO] PASS: keys cleared in element 'emailField'.
2022-11-01 21:51:08 DriverListener [TestNG-test=LogIn-1-21] [INFO] PASS: keys cleared in element 'emailField'.
2022-11-01 21:51:09 DriverListener [TestNG-test=LogIn-2-22] [INFO] PASS: keys '' are sent to element 'emailField'.
2022-11-01 21:51:10 DriverListener [TestNG-test=LogIn-1-21] [INFO] PASS: keys 'sefshgnkkd@gmail.com' are sent to element 'emailField'.
2022-11-01 21:51:12 DriverListener [TestNG-test=LogIn-1-21] [INFO] PASS: keys cleared in element 'emailField'.
2022-11-01 21:51:12 DriverListener [TestNG-test=LogIn-2-22] [INFO] PASS: keys cleared in element 'passwordField'.
2022-11-01 21:51:14 DriverListener [TestNG-test=LogIn-1-21] [INFO] PASS: keys '' are sent to element 'emailField'.
2022-11-01 21:51:14 DriverListener [TestNG-test=LogIn-2-22] [INFO] PASS: keys '' are sent to element 'passwordField'.
2022-11-01 21:51:16 DriverListener [TestNG-test=LogIn-1-21] [INFO] PASS: keys cleared in element 'passwordField'.
2022-11-01 21:51:17 DriverListener [TestNG-test=LogIn-2-22] [INFO] PASS: element 'logInButton' is clicked.
2022-11-01 21:51:19 DriverListener [TestNG-test=LogIn-1-21] [INFO] PASS: keys 'qwxriihku' are sent to element 'passwordField'.
2022-11-01 21:51:23 DriverListener [TestNG-test=LogIn-1-21] [INFO] PASS: keys cleared in element 'passwordField'.
2022-11-01 21:51:24 Messager [TestNG-test=LogIn-2-22] [INFO] TEST [LogIn - testNegativeLogIn [L01]] PASSED at [21:51:24 2022-11-01]
]]></system-out>
    <system-err><![CDATA[лист. 01, 2022 9:50:07 ПП org.openqa.selenium.remote.ProtocolHandshake createSession
INFO: Detected dialect: W3C
лист. 01, 2022 9:50:09 ПП org.openqa.selenium.remote.ProtocolHandshake createSession
INFO: Detected dialect: W3C
]]></system-err>
  </testcase>
  <testcase name="testLogInWindow" classname="com.solvd.carina.demo.my_test_cases.LogInTestCases" time="13.267">
    <system-out><![CDATA[2022-11-01 21:51:24 Messager [TestNG-test=LogIn-2-22] [INFO] TEST [LogIn - testNegativeLogIn [L02]] STARTED at [21:51:24 2022-11-01]
2022-11-01 21:51:24 DriverFactory [TestNG-test=LogIn-2-22] [INFO] Starting driver session...
2022-11-01 21:51:25 DriverListener [TestNG-test=LogIn-1-21] [INFO] PASS: keys '' are sent to element 'passwordField'.
2022-11-01 21:51:28 DriverListener [TestNG-test=LogIn-1-21] [INFO] PASS: element 'logInButton' is clicked.
2022-11-01 21:51:31 LogInTestCases [TestNG-test=LogIn-1-21] [INFO] #d50000
2022-11-01 21:51:33 DriverListener [TestNG-test=LogIn-1-21] [INFO] PASS: element 'forgotPasswordButton' is clicked.
2022-11-01 21:51:34 Messager [TestNG-test=LogIn-1-21] [ERROR] FAIL: wrong URL, expected 'https://www.gsmarena.com/' but actual 'https://www.gsmarena.com/forgot.php3'!
2022-11-01 21:51:37 Messager [TestNG-test=LogIn-1-21] [INFO] TEST [LogIn - testLogInWindow] PASSED at [21:51:37 2022-11-01]
]]></system-out>
  </testcase>
  <testcase name="testNegativeLogIn[incorrectEmail@gmailcom, , , Заповніть це поле.](2)" classname="com.solvd.carina.demo.my_test_cases.LogInTestCases" time="55.199">
    <system-out><![CDATA[2022-11-01 21:51:40 DriverFactory [TestNG-test=LogIn-2-22] [INFO] Driver session started.
2022-11-01 21:51:40 Messager [TestNG-test=LogIn-2-22] [INFO] INFO: opening url 'https://www.gsmarena.com'
2022-11-01 21:51:45 DriverListener [TestNG-test=LogIn-2-22] [INFO] INFO: url 'https://www.gsmarena.com' is opened.
2022-11-01 21:52:08 DriverListener [TestNG-test=LogIn-2-22] [INFO] PASS: element 'logInButton' is clicked.
2022-11-01 21:52:10 DriverListener [TestNG-test=LogIn-2-22] [INFO] PASS: keys cleared in element 'emailField'.
2022-11-01 21:52:11 DriverListener [TestNG-test=LogIn-2-22] [INFO] PASS: keys 'incorrectEmail@gmailcom' are sent to element 'emailField'.
2022-11-01 21:52:13 DriverListener [TestNG-test=LogIn-2-22] [INFO] PASS: keys cleared in element 'passwordField'.
2022-11-01 21:52:14 DriverListener [TestNG-test=LogIn-2-22] [INFO] PASS: keys '' are sent to element 'passwordField'.
2022-11-01 21:52:16 DriverListener [TestNG-test=LogIn-2-22] [INFO] PASS: element 'logInButton' is clicked.
2022-11-01 21:52:19 Messager [TestNG-test=LogIn-2-22] [INFO] TEST [LogIn - testNegativeLogIn [L02]] PASSED at [21:52:19 2022-11-01]
]]></system-out>
    <system-err><![CDATA[лист. 01, 2022 9:51:39 ПП org.openqa.selenium.remote.ProtocolHandshake createSession
INFO: Detected dialect: W3C
]]></system-err>
  </testcase>
  <testcase name="testNegativeLogIn[, qwe, Заповніть це поле., Виберіть потрібний формат.](3)" classname="com.solvd.carina.demo.my_test_cases.LogInTestCases" time="45.185">
    <system-out><![CDATA[2022-11-01 21:52:19 Messager [TestNG-test=LogIn-2-22] [INFO] TEST [LogIn - testNegativeLogIn [L03]] STARTED at [21:52:19 2022-11-01]
2022-11-01 21:52:19 DriverFactory [TestNG-test=LogIn-2-22] [INFO] Starting driver session...
2022-11-01 21:52:22 DriverFactory [TestNG-test=LogIn-2-22] [INFO] Driver session started.
2022-11-01 21:52:22 Messager [TestNG-test=LogIn-2-22] [INFO] INFO: opening url 'https://www.gsmarena.com'
2022-11-01 21:52:24 DriverListener [TestNG-test=LogIn-2-22] [INFO] INFO: url 'https://www.gsmarena.com' is opened.
2022-11-01 21:52:55 DriverListener [TestNG-test=LogIn-2-22] [INFO] PASS: element 'logInButton' is clicked.
2022-11-01 21:52:57 DriverListener [TestNG-test=LogIn-2-22] [INFO] PASS: keys cleared in element 'emailField'.
2022-11-01 21:52:58 DriverListener [TestNG-test=LogIn-2-22] [INFO] PASS: keys '' are sent to element 'emailField'.
2022-11-01 21:52:59 DriverListener [TestNG-test=LogIn-2-22] [INFO] PASS: keys cleared in element 'passwordField'.
2022-11-01 21:53:01 DriverListener [TestNG-test=LogIn-2-22] [INFO] PASS: keys 'qwe' are sent to element 'passwordField'.
2022-11-01 21:53:02 DriverListener [TestNG-test=LogIn-2-22] [INFO] PASS: element 'logInButton' is clicked.
2022-11-01 21:53:05 Messager [TestNG-test=LogIn-2-22] [INFO] TEST [LogIn - testNegativeLogIn [L03]] PASSED at [21:53:05 2022-11-01]
]]></system-out>
    <system-err><![CDATA[лист. 01, 2022 9:52:22 ПП org.openqa.selenium.remote.ProtocolHandshake createSession
INFO: Detected dialect: W3C
]]></system-err>
  </testcase>
  <testcase name="testNegativeLogIn[incorrectEmail@, qwe, Введіть частину електронної адреси після знака &quot;@&quot;. Електронна адреса &quot;incorrectEmail@&quot; неповна., Виберіть потрібний формат.](4)" classname="com.solvd.carina.demo.my_test_cases.LogInTestCases" time="43.17">
    <system-out><![CDATA[2022-11-01 21:53:05 Messager [TestNG-test=LogIn-2-22] [INFO] TEST [LogIn - testNegativeLogIn [L04]] STARTED at [21:53:05 2022-11-01]
2022-11-01 21:53:05 DriverFactory [TestNG-test=LogIn-2-22] [INFO] Starting driver session...
2022-11-01 21:53:07 DriverFactory [TestNG-test=LogIn-2-22] [INFO] Driver session started.
2022-11-01 21:53:07 Messager [TestNG-test=LogIn-2-22] [INFO] INFO: opening url 'https://www.gsmarena.com'
2022-11-01 21:53:08 DriverListener [TestNG-test=LogIn-2-22] [INFO] INFO: url 'https://www.gsmarena.com' is opened.
2022-11-01 21:53:38 DriverListener [TestNG-test=LogIn-2-22] [INFO] PASS: element 'logInButton' is clicked.
2022-11-01 21:53:40 DriverListener [TestNG-test=LogIn-2-22] [INFO] PASS: keys cleared in element 'emailField'.
2022-11-01 21:53:41 DriverListener [TestNG-test=LogIn-2-22] [INFO] PASS: keys 'incorrectEmail@' are sent to element 'emailField'.
2022-11-01 21:53:42 DriverListener [TestNG-test=LogIn-2-22] [INFO] PASS: keys cleared in element 'passwordField'.
2022-11-01 21:53:44 DriverListener [TestNG-test=LogIn-2-22] [INFO] PASS: keys 'qwe' are sent to element 'passwordField'.
2022-11-01 21:53:45 DriverListener [TestNG-test=LogIn-2-22] [INFO] PASS: element 'logInButton' is clicked.
2022-11-01 21:53:48 Messager [TestNG-test=LogIn-2-22] [INFO] TEST [LogIn - testNegativeLogIn [L04]] PASSED at [21:53:48 2022-11-01]
]]></system-out>
    <system-err><![CDATA[лист. 01, 2022 9:53:07 ПП org.openqa.selenium.remote.ProtocolHandshake createSession
INFO: Detected dialect: W3C
]]></system-err>
  </testcase>
  <testcase name="testNegativeLogIn[correctEmailgmail.com, C0r3ktP4SS, Електронна адреса має містити знак &quot;@&quot;. В електронній адресі &quot;correctEmailgmail.com&quot; знака &quot;@&quot; немає., ](5)" classname="com.solvd.carina.demo.my_test_cases.LogInTestCases" time="46.563">
    <system-out><![CDATA[2022-11-01 21:53:48 Messager [TestNG-test=LogIn-2-22] [INFO] TEST [LogIn - testNegativeLogIn [L05]] STARTED at [21:53:48 2022-11-01]
2022-11-01 21:53:48 DriverFactory [TestNG-test=LogIn-2-22] [INFO] Starting driver session...
2022-11-01 21:53:52 DriverFactory [TestNG-test=LogIn-2-22] [INFO] Driver session started.
2022-11-01 21:53:52 Messager [TestNG-test=LogIn-2-22] [INFO] INFO: opening url 'https://www.gsmarena.com'
2022-11-01 21:53:53 DriverListener [TestNG-test=LogIn-2-22] [INFO] INFO: url 'https://www.gsmarena.com' is opened.
2022-11-01 21:54:24 DriverListener [TestNG-test=LogIn-2-22] [INFO] PASS: element 'logInButton' is clicked.
2022-11-01 21:54:26 DriverListener [TestNG-test=LogIn-2-22] [INFO] PASS: keys cleared in element 'emailField'.
2022-11-01 21:54:27 DriverListener [TestNG-test=LogIn-2-22] [INFO] PASS: keys 'correctEmailgmail.com' are sent to element 'emailField'.
2022-11-01 21:54:29 DriverListener [TestNG-test=LogIn-2-22] [INFO] PASS: keys cleared in element 'passwordField'.
2022-11-01 21:54:30 DriverListener [TestNG-test=LogIn-2-22] [INFO] PASS: keys 'C0r3ktP4SS' are sent to element 'passwordField'.
2022-11-01 21:54:32 DriverListener [TestNG-test=LogIn-2-22] [INFO] PASS: element 'logInButton' is clicked.
2022-11-01 21:54:34 Messager [TestNG-test=LogIn-2-22] [INFO] TEST [LogIn - testNegativeLogIn [L05]] PASSED at [21:54:34 2022-11-01]
]]></system-out>
    <system-err><![CDATA[лист. 01, 2022 9:53:52 ПП org.openqa.selenium.remote.ProtocolHandshake createSession
INFO: Detected dialect: W3C
]]></system-err>
  </testcase>
  <testcase name="testNegativeLogIn[correctEmail@gmail.com, qwe, , Виберіть потрібний формат.](6)" classname="com.solvd.carina.demo.my_test_cases.LogInTestCases" time="37.09">
    <system-out><![CDATA[2022-11-01 21:54:34 Messager [TestNG-test=LogIn-2-22] [INFO] TEST [LogIn - testNegativeLogIn [L06]] STARTED at [21:54:34 2022-11-01]
2022-11-01 21:54:34 DriverFactory [TestNG-test=LogIn-2-22] [INFO] Starting driver session...
2022-11-01 21:54:37 DriverFactory [TestNG-test=LogIn-2-22] [INFO] Driver session started.
2022-11-01 21:54:37 Messager [TestNG-test=LogIn-2-22] [INFO] INFO: opening url 'https://www.gsmarena.com'
2022-11-01 21:54:39 DriverListener [TestNG-test=LogIn-2-22] [INFO] INFO: url 'https://www.gsmarena.com' is opened.
2022-11-01 21:55:02 DriverListener [TestNG-test=LogIn-2-22] [INFO] PASS: element 'logInButton' is clicked.
2022-11-01 21:55:03 DriverListener [TestNG-test=LogIn-2-22] [INFO] PASS: keys cleared in element 'emailField'.
2022-11-01 21:55:04 DriverListener [TestNG-test=LogIn-2-22] [INFO] PASS: keys 'correctEmail@gmail.com' are sent to element 'emailField'.
2022-11-01 21:55:06 DriverListener [TestNG-test=LogIn-2-22] [INFO] PASS: keys cleared in element 'passwordField'.
2022-11-01 21:55:07 DriverListener [TestNG-test=LogIn-2-22] [INFO] PASS: keys 'qwe' are sent to element 'passwordField'.
2022-11-01 21:55:08 DriverListener [TestNG-test=LogIn-2-22] [INFO] PASS: element 'logInButton' is clicked.
2022-11-01 21:55:11 Messager [TestNG-test=LogIn-2-22] [INFO] TEST [LogIn - testNegativeLogIn [L06]] PASSED at [21:55:11 2022-11-01]
]]></system-out>
    <system-err><![CDATA[лист. 01, 2022 9:54:37 ПП org.openqa.selenium.remote.ProtocolHandshake createSession
INFO: Detected dialect: W3C
]]></system-err>
  </testcase>
  <testcase name="testNegativeLogIn[@gmail.com, C0r3ktP4SS, Введіть частину електронної адреси до знака &quot;@&quot;. Електронна адреса &quot;@gmail.com&quot; неповна., ](7)" classname="com.solvd.carina.demo.my_test_cases.LogInTestCases" time="53.748">
    <system-out><![CDATA[2022-11-01 21:55:11 Messager [TestNG-test=LogIn-2-22] [INFO] TEST [LogIn - testNegativeLogIn [L07]] STARTED at [21:55:11 2022-11-01]
2022-11-01 21:55:11 DriverFactory [TestNG-test=LogIn-2-22] [INFO] Starting driver session...
2022-11-01 21:55:22 DriverFactory [TestNG-test=LogIn-2-22] [INFO] Driver session started.
2022-11-01 21:55:22 Messager [TestNG-test=LogIn-2-22] [INFO] INFO: opening url 'https://www.gsmarena.com'
2022-11-01 21:55:23 DriverListener [TestNG-test=LogIn-2-22] [INFO] INFO: url 'https://www.gsmarena.com' is opened.
2022-11-01 21:55:55 DriverListener [TestNG-test=LogIn-2-22] [INFO] PASS: element 'logInButton' is clicked.
2022-11-01 21:55:57 DriverListener [TestNG-test=LogIn-2-22] [INFO] PASS: keys cleared in element 'emailField'.
2022-11-01 21:55:58 DriverListener [TestNG-test=LogIn-2-22] [INFO] PASS: keys '@gmail.com' are sent to element 'emailField'.
2022-11-01 21:56:00 DriverListener [TestNG-test=LogIn-2-22] [INFO] PASS: keys cleared in element 'passwordField'.
2022-11-01 21:56:01 DriverListener [TestNG-test=LogIn-2-22] [INFO] PASS: keys 'C0r3ktP4SS' are sent to element 'passwordField'.
2022-11-01 21:56:02 DriverListener [TestNG-test=LogIn-2-22] [INFO] PASS: element 'logInButton' is clicked.
2022-11-01 21:56:05 Messager [TestNG-test=LogIn-2-22] [INFO] TEST [LogIn - testNegativeLogIn [L07]] PASSED at [21:56:05 2022-11-01]
]]></system-out>
    <system-err><![CDATA[лист. 01, 2022 9:55:22 ПП org.openqa.selenium.remote.ProtocolHandshake createSession
INFO: Detected dialect: W3C
]]></system-err>
  </testcase>
  <testcase name="testFooterMenu" classname="com.solvd.carina.demo.my_test_cases.FooterMenuTestCases" time="236.83">
    <system-out><![CDATA[2022-11-01 21:56:06 TestRunRegistrar [TestNG-test=Footer-1] [WARN] Reporting disabled: using no op test run registrar
2022-11-01 21:56:06 Messager [TestNG-test=Footer-1-38] [INFO] TEST [Footer - testFooterMenu] STARTED at [21:56:06 2022-11-01]
2022-11-01 21:56:06 DriverFactory [TestNG-test=Footer-1-38] [INFO] Starting driver session...
2022-11-01 21:56:07 DriverFactory [TestNG-test=Footer-1-38] [INFO] Driver session started.
2022-11-01 21:56:07 Messager [TestNG-test=Footer-1-38] [INFO] INFO: opening url 'https://www.gsmarena.com'
2022-11-01 21:56:08 DriverListener [TestNG-test=Footer-1-38] [INFO] INFO: url 'https://www.gsmarena.com' is opened.
2022-11-01 21:57:46 DriverListener [TestNG-test=Footer-1-38] [INFO] PASS: element 'homeButton' is clicked.
2022-11-01 21:58:14 DriverListener [TestNG-test=Footer-1-38] [INFO] PASS: element 'footerMenuButton[News]' is clicked.
2022-11-01 21:58:15 Messager [TestNG-test=Footer-1-38] [ERROR] FAIL: wrong URL, expected 'https://www.gsmarena.com/' but actual 'https://www.gsmarena.com/news.php3'!
2022-11-01 21:58:15 Messager [TestNG-test=Footer-1-38] [ERROR] FAIL: wrong URL, expected 'https://www.gsmarena.com/' but actual 'https://www.gsmarena.com/news.php3'!
2022-11-01 21:58:15 DriverListener [TestNG-test=Footer-1-38] [INFO] Navigated back
2022-11-01 21:58:20 Messager [TestNG-test=Footer-1-38] [INFO] INFO: navigate to previous page performed.
2022-11-01 21:58:22 DriverListener [TestNG-test=Footer-1-38] [INFO] PASS: element 'footerMenuButton[Reviews]' is clicked.
2022-11-01 21:58:25 Messager [TestNG-test=Footer-1-38] [ERROR] FAIL: wrong URL, expected 'https://www.gsmarena.com/' but actual 'https://www.gsmarena.com/reviews.php3'!
2022-11-01 21:58:25 Messager [TestNG-test=Footer-1-38] [ERROR] FAIL: wrong URL, expected 'https://www.gsmarena.com/' but actual 'https://www.gsmarena.com/reviews.php3'!
2022-11-01 21:58:25 DriverListener [TestNG-test=Footer-1-38] [INFO] Navigated back
2022-11-01 21:58:28 Messager [TestNG-test=Footer-1-38] [INFO] INFO: navigate to previous page performed.
2022-11-01 21:58:31 DriverListener [TestNG-test=Footer-1-38] [INFO] PASS: element 'footerMenuButton[Compare]' is clicked.
2022-11-01 21:58:33 Messager [TestNG-test=Footer-1-38] [ERROR] FAIL: wrong URL, expected 'https://www.gsmarena.com/' but actual 'https://www.gsmarena.com/compare.php3'!
2022-11-01 21:58:33 Messager [TestNG-test=Footer-1-38] [ERROR] FAIL: wrong URL, expected 'https://www.gsmarena.com/' but actual 'https://www.gsmarena.com/compare.php3'!
2022-11-01 21:58:33 DriverListener [TestNG-test=Footer-1-38] [INFO] Navigated back
2022-11-01 21:58:36 Messager [TestNG-test=Footer-1-38] [INFO] INFO: navigate to previous page performed.
2022-11-01 21:58:38 DriverListener [TestNG-test=Footer-1-38] [INFO] PASS: element 'footerMenuButton[Coverage]' is clicked.
2022-11-01 21:58:39 Messager [TestNG-test=Footer-1-38] [ERROR] FAIL: wrong URL, expected 'https://www.gsmarena.com/' but actual 'https://www.gsmarena.com/network-bands.php3'!
2022-11-01 21:58:39 Messager [TestNG-test=Footer-1-38] [ERROR] FAIL: wrong URL, expected 'https://www.gsmarena.com/' but actual 'https://www.gsmarena.com/network-bands.php3'!
2022-11-01 21:58:39 DriverListener [TestNG-test=Footer-1-38] [INFO] Navigated back
2022-11-01 21:58:42 Messager [TestNG-test=Footer-1-38] [INFO] INFO: navigate to previous page performed.
2022-11-01 21:58:45 DriverListener [TestNG-test=Footer-1-38] [INFO] PASS: element 'footerMenuButton[Glossary]' is clicked.
2022-11-01 21:58:46 Messager [TestNG-test=Footer-1-38] [ERROR] FAIL: wrong URL, expected 'https://www.gsmarena.com/' but actual 'https://www.gsmarena.com/glossary.php3'!
2022-11-01 21:58:46 Messager [TestNG-test=Footer-1-38] [ERROR] FAIL: wrong URL, expected 'https://www.gsmarena.com/' but actual 'https://www.gsmarena.com/glossary.php3'!
2022-11-01 21:58:46 DriverListener [TestNG-test=Footer-1-38] [INFO] Navigated back
2022-11-01 21:58:49 Messager [TestNG-test=Footer-1-38] [INFO] INFO: navigate to previous page performed.
2022-11-01 21:58:56 DriverListener [TestNG-test=Footer-1-38] [INFO] PASS: element 'footerMenuButton[FAQ]' is clicked.
2022-11-01 21:58:57 Messager [TestNG-test=Footer-1-38] [ERROR] FAIL: wrong URL, expected 'https://www.gsmarena.com/' but actual 'https://www.gsmarena.com/faq.php3'!
2022-11-01 21:58:57 Messager [TestNG-test=Footer-1-38] [ERROR] FAIL: wrong URL, expected 'https://www.gsmarena.com/' but actual 'https://www.gsmarena.com/faq.php3'!
2022-11-01 21:58:57 DriverListener [TestNG-test=Footer-1-38] [INFO] Navigated back
2022-11-01 21:58:59 Messager [TestNG-test=Footer-1-38] [INFO] INFO: navigate to previous page performed.
2022-11-01 21:59:01 DriverListener [TestNG-test=Footer-1-38] [INFO] PASS: element 'footerMenuButton[RSS feed]' is clicked.
2022-11-01 21:59:02 Messager [TestNG-test=Footer-1-38] [ERROR] FAIL: wrong URL, expected 'https://www.gsmarena.com/' but actual 'https://www.gsmarena.com/rss-news-reviews.php3'!
2022-11-01 21:59:02 Messager [TestNG-test=Footer-1-38] [ERROR] FAIL: wrong URL, expected 'https://www.gsmarena.com/' but actual 'https://www.gsmarena.com/rss-news-reviews.php3'!
2022-11-01 21:59:02 DriverListener [TestNG-test=Footer-1-38] [INFO] Navigated back
2022-11-01 21:59:04 Messager [TestNG-test=Footer-1-38] [INFO] INFO: navigate to previous page performed.
2022-11-01 21:59:07 DriverListener [TestNG-test=Footer-1-38] [INFO] PASS: element 'footerMenuButton[Youtube]' is clicked.
2022-11-01 21:59:08 Messager [TestNG-test=Footer-1-38] [INFO] PASS: url 'https://www.gsmarena.com/' is correct.
2022-11-01 21:59:09 Messager [TestNG-test=Footer-1-38] [ERROR] FAIL: wrong URL, expected 'https://www.gsmarena.com/' but actual 'https://www.youtube.com/channel/UCbLq9tsbo8peV22VxbDAfXA?sub_confirmation=1'!
2022-11-01 21:59:10 DriverListener [TestNG-test=Footer-1-38] [INFO] PASS: element 'footerMenuButton[Facebook]' is clicked.
2022-11-01 21:59:11 Messager [TestNG-test=Footer-1-38] [INFO] PASS: url 'https://www.gsmarena.com/' is correct.
2022-11-01 21:59:11 Messager [TestNG-test=Footer-1-38] [ERROR] FAIL: wrong URL, expected 'https://www.gsmarena.com/' but actual 'https://www.facebook.com/people/GSMArenacom/100066846038410/'!
2022-11-01 21:59:12 DriverListener [TestNG-test=Footer-1-38] [INFO] PASS: element 'footerMenuButton[Twitter]' is clicked.
2022-11-01 21:59:13 Messager [TestNG-test=Footer-1-38] [INFO] PASS: url 'https://www.gsmarena.com/' is correct.
2022-11-01 21:59:13 Messager [TestNG-test=Footer-1-38] [ERROR] FAIL: wrong URL, expected 'https://www.gsmarena.com/' but actual 'https://twitter.com/gsmarena_com'!
2022-11-01 21:59:14 DriverListener [TestNG-test=Footer-1-38] [INFO] PASS: element 'footerMenuButton[Instagram]' is clicked.
2022-11-01 21:59:15 Messager [TestNG-test=Footer-1-38] [INFO] PASS: url 'https://www.gsmarena.com/' is correct.
2022-11-01 21:59:16 Messager [TestNG-test=Footer-1-38] [ERROR] FAIL: wrong URL, expected 'https://www.gsmarena.com/' but actual 'https://www.instagram.com/gsmarenateam/'!
2022-11-01 21:59:17 DriverListener [TestNG-test=Footer-1-38] [INFO] PASS: element 'footerMenuButton[GSMArena.com]' is clicked.
2022-11-01 21:59:18 Messager [TestNG-test=Footer-1-38] [ERROR] FAIL: wrong URL, expected 'https://www.gsmarena.com/' but actual 'https://www.gsmarena.com/team.php3'!
2022-11-01 21:59:18 Messager [TestNG-test=Footer-1-38] [ERROR] FAIL: wrong URL, expected 'https://www.gsmarena.com/' but actual 'https://www.gsmarena.com/team.php3'!
2022-11-01 21:59:18 DriverListener [TestNG-test=Footer-1-38] [INFO] Navigated back
2022-11-01 21:59:21 Messager [TestNG-test=Footer-1-38] [INFO] INFO: navigate to previous page performed.
2022-11-01 21:59:23 DriverListener [TestNG-test=Footer-1-38] [INFO] PASS: element 'footerMenuButton[Mobile version]' is clicked.
2022-11-01 21:59:25 Messager [TestNG-test=Footer-1-38] [ERROR] FAIL: wrong URL, expected 'https://www.gsmarena.com/' but actual 'https://m.gsmarena.com/'!
2022-11-01 21:59:25 Messager [TestNG-test=Footer-1-38] [ERROR] FAIL: wrong URL, expected 'https://www.gsmarena.com/' but actual 'https://m.gsmarena.com/'!
2022-11-01 21:59:26 DriverListener [TestNG-test=Footer-1-38] [INFO] Navigated back
2022-11-01 21:59:28 Messager [TestNG-test=Footer-1-38] [INFO] INFO: navigate to previous page performed.
2022-11-01 21:59:30 DriverListener [TestNG-test=Footer-1-38] [INFO] PASS: element 'footerMenuButton[Android app]' is clicked.
2022-11-01 21:59:31 Messager [TestNG-test=Footer-1-38] [INFO] PASS: url 'https://www.gsmarena.com/' is correct.
2022-11-01 21:59:34 Messager [TestNG-test=Footer-1-38] [ERROR] FAIL: wrong URL, expected 'https://www.gsmarena.com/' but actual 'https://play.google.com/store/apps/details?id=com.gsmarena.android'!
2022-11-01 21:59:35 DriverListener [TestNG-test=Footer-1-38] [INFO] PASS: element 'footerMenuButton[Tools]' is clicked.
2022-11-01 21:59:36 Messager [TestNG-test=Footer-1-38] [ERROR] FAIL: wrong URL, expected 'https://www.gsmarena.com/' but actual 'https://www.gsmarena.com/tools.php3'!
2022-11-01 21:59:36 Messager [TestNG-test=Footer-1-38] [ERROR] FAIL: wrong URL, expected 'https://www.gsmarena.com/' but actual 'https://www.gsmarena.com/tools.php3'!
2022-11-01 21:59:36 DriverListener [TestNG-test=Footer-1-38] [INFO] Navigated back
2022-11-01 21:59:38 Messager [TestNG-test=Footer-1-38] [INFO] INFO: navigate to previous page performed.
2022-11-01 21:59:41 DriverListener [TestNG-test=Footer-1-38] [INFO] PASS: element 'footerMenuButton[Contact us]' is clicked.
2022-11-01 21:59:42 Messager [TestNG-test=Footer-1-38] [ERROR] FAIL: wrong URL, expected 'https://www.gsmarena.com/' but actual 'https://www.gsmarena.com/contact.php3'!
2022-11-01 21:59:42 Messager [TestNG-test=Footer-1-38] [ERROR] FAIL: wrong URL, expected 'https://www.gsmarena.com/' but actual 'https://www.gsmarena.com/contact.php3'!
2022-11-01 21:59:42 DriverListener [TestNG-test=Footer-1-38] [INFO] Navigated back
2022-11-01 21:59:45 Messager [TestNG-test=Footer-1-38] [INFO] INFO: navigate to previous page performed.
2022-11-01 21:59:47 DriverListener [TestNG-test=Footer-1-38] [INFO] PASS: element 'footerMenuButton[Merch store]' is clicked.
2022-11-01 21:59:47 Messager [TestNG-test=Footer-1-38] [INFO] PASS: url 'https://www.gsmarena.com/' is correct.
2022-11-01 21:59:49 Messager [TestNG-test=Footer-1-38] [ERROR] FAIL: wrong URL, expected 'https://www.gsmarena.com/' but actual 'https://merch.gsmarena.com/'!
2022-11-01 21:59:49 DriverListener [TestNG-test=Footer-1-38] [INFO] PASS: element 'footerMenuButton[Privacy]' is clicked.
2022-11-01 21:59:51 Messager [TestNG-test=Footer-1-38] [ERROR] FAIL: wrong URL, expected 'https://www.gsmarena.com/' but actual 'https://www.gsmarena.com/privacy-policy.php3'!
2022-11-01 21:59:51 Messager [TestNG-test=Footer-1-38] [ERROR] FAIL: wrong URL, expected 'https://www.gsmarena.com/' but actual 'https://www.gsmarena.com/privacy-policy.php3'!
2022-11-01 21:59:51 DriverListener [TestNG-test=Footer-1-38] [INFO] Navigated back
2022-11-01 21:59:54 Messager [TestNG-test=Footer-1-38] [INFO] INFO: navigate to previous page performed.
2022-11-01 21:59:56 DriverListener [TestNG-test=Footer-1-38] [INFO] PASS: element 'footerMenuButton[Terms of use]' is clicked.
2022-11-01 21:59:58 Messager [TestNG-test=Footer-1-38] [ERROR] FAIL: wrong URL, expected 'https://www.gsmarena.com/' but actual 'https://www.gsmarena.com/terms.php3'!
2022-11-01 21:59:58 Messager [TestNG-test=Footer-1-38] [ERROR] FAIL: wrong URL, expected 'https://www.gsmarena.com/' but actual 'https://www.gsmarena.com/terms.php3'!
2022-11-01 21:59:59 DriverListener [TestNG-test=Footer-1-38] [INFO] Navigated back
2022-11-01 22:00:01 Messager [TestNG-test=Footer-1-38] [INFO] INFO: navigate to previous page performed.
2022-11-01 22:00:02 Messager [TestNG-test=Footer-1-38] [INFO] TEST [Footer - testFooterMenu] PASSED at [22:00:02 2022-11-01]
]]></system-out>
    <system-err><![CDATA[лист. 01, 2022 9:56:07 ПП org.openqa.selenium.remote.ProtocolHandshake createSession
INFO: Detected dialect: W3C
]]></system-err>
  </testcase>
  <testcase name="testHeaderMenu" classname="com.solvd.carina.demo.my_test_cases.HeaderMenuTestCases" time="210.701">
    <system-out><![CDATA[2022-11-01 22:00:02 TestRunRegistrar [TestNG-test=Header-1] [WARN] Reporting disabled: using no op test run registrar
2022-11-01 22:00:02 Messager [TestNG-test=Header-1-78] [INFO] TEST [Header - testHeaderMenu] STARTED at [22:00:02 2022-11-01]
2022-11-01 22:00:02 DriverFactory [TestNG-test=Header-1-78] [INFO] Starting driver session...
2022-11-01 22:00:07 DriverFactory [TestNG-test=Header-1-78] [INFO] Driver session started.
2022-11-01 22:00:07 Messager [TestNG-test=Header-1-78] [INFO] INFO: opening url 'https://www.gsmarena.com'
2022-11-01 22:00:08 DriverListener [TestNG-test=Header-1-78] [INFO] INFO: url 'https://www.gsmarena.com' is opened.
2022-11-01 22:00:39 DriverListener [TestNG-test=Header-1-78] [INFO] PASS: element 'hamburgerMenuButton' is clicked.
2022-11-01 22:00:42 DriverListener [TestNG-test=Header-1-78] [INFO] PASS: element 'homeButton' is clicked.
2022-11-01 22:01:59 DriverListener [TestNG-test=Header-1-78] [INFO] PASS: element 'headerMenuButton[News]' is clicked.
2022-11-01 22:02:00 Messager [TestNG-test=Header-1-78] [ERROR] FAIL: wrong URL, expected 'https://www.gsmarena.com/' but actual 'https://www.gsmarena.com/news.php3'!
2022-11-01 22:02:00 Messager [TestNG-test=Header-1-78] [ERROR] FAIL: wrong URL, expected 'https://www.gsmarena.com/' but actual 'https://www.gsmarena.com/news.php3'!
2022-11-01 22:02:00 DriverListener [TestNG-test=Header-1-78] [INFO] Navigated back
2022-11-01 22:02:02 Messager [TestNG-test=Header-1-78] [INFO] INFO: navigate to previous page performed.
2022-11-01 22:02:20 DriverListener [TestNG-test=Header-1-78] [INFO] PASS: element 'headerMenuButton[Reviews]' is clicked.
2022-11-01 22:02:22 Messager [TestNG-test=Header-1-78] [ERROR] FAIL: wrong URL, expected 'https://www.gsmarena.com/' but actual 'https://www.gsmarena.com/reviews.php3'!
2022-11-01 22:02:22 Messager [TestNG-test=Header-1-78] [ERROR] FAIL: wrong URL, expected 'https://www.gsmarena.com/' but actual 'https://www.gsmarena.com/reviews.php3'!
2022-11-01 22:02:22 DriverListener [TestNG-test=Header-1-78] [INFO] Navigated back
2022-11-01 22:02:24 Messager [TestNG-test=Header-1-78] [INFO] INFO: navigate to previous page performed.
2022-11-01 22:02:34 DriverListener [TestNG-test=Header-1-78] [INFO] PASS: element 'headerMenuButton[Videos]' is clicked.
2022-11-01 22:02:35 Messager [TestNG-test=Header-1-78] [ERROR] FAIL: wrong URL, expected 'https://www.gsmarena.com/' but actual 'https://www.gsmarena.com/videos.php3'!
2022-11-01 22:02:35 Messager [TestNG-test=Header-1-78] [ERROR] FAIL: wrong URL, expected 'https://www.gsmarena.com/' but actual 'https://www.gsmarena.com/videos.php3'!
2022-11-01 22:02:35 DriverListener [TestNG-test=Header-1-78] [INFO] Navigated back
2022-11-01 22:02:37 Messager [TestNG-test=Header-1-78] [INFO] INFO: navigate to previous page performed.
2022-11-01 22:02:38 DriverListener [TestNG-test=Header-1-78] [INFO] PASS: element 'headerMenuButton[Featured]' is clicked.
2022-11-01 22:02:41 Messager [TestNG-test=Header-1-78] [ERROR] FAIL: wrong URL, expected 'https://www.gsmarena.com/' but actual 'https://www.gsmarena.com/news.php3?sTag=Featured'!
2022-11-01 22:02:41 Messager [TestNG-test=Header-1-78] [ERROR] FAIL: wrong URL, expected 'https://www.gsmarena.com/' but actual 'https://www.gsmarena.com/news.php3?sTag=Featured'!
2022-11-01 22:02:41 DriverListener [TestNG-test=Header-1-78] [INFO] Navigated back
2022-11-01 22:02:50 Messager [TestNG-test=Header-1-78] [INFO] INFO: navigate to previous page performed.
2022-11-01 22:02:52 DriverListener [TestNG-test=Header-1-78] [INFO] PASS: element 'headerMenuButton[Phone Finder]' is clicked.
2022-11-01 22:02:53 Messager [TestNG-test=Header-1-78] [ERROR] FAIL: wrong URL, expected 'https://www.gsmarena.com/' but actual 'https://www.gsmarena.com/search.php3?'!
2022-11-01 22:02:53 Messager [TestNG-test=Header-1-78] [ERROR] FAIL: wrong URL, expected 'https://www.gsmarena.com/' but actual 'https://www.gsmarena.com/search.php3?'!
2022-11-01 22:02:53 DriverListener [TestNG-test=Header-1-78] [INFO] Navigated back
2022-11-01 22:02:59 Screenshot [TestNG-test=Header-1-78] [WARN] Unable to capture screenshot during 6 sec!
2022-11-01 22:02:59 Messager [TestNG-test=Header-1-78] [INFO] INFO: navigate to previous page performed.
2022-11-01 22:03:01 DriverListener [TestNG-test=Header-1-78] [INFO] PASS: element 'headerMenuButton[Deals]' is clicked.
2022-11-01 22:03:02 Messager [TestNG-test=Header-1-78] [ERROR] FAIL: wrong URL, expected 'https://www.gsmarena.com/' but actual 'https://www.gsmarena.com/deals.php3'!
2022-11-01 22:03:02 Messager [TestNG-test=Header-1-78] [ERROR] FAIL: wrong URL, expected 'https://www.gsmarena.com/' but actual 'https://www.gsmarena.com/deals.php3'!
2022-11-01 22:03:09 DriverListener [TestNG-test=Header-1-78] [INFO] Navigated back
2022-11-01 22:03:10 Messager [TestNG-test=Header-1-78] [INFO] INFO: navigate to previous page performed.
2022-11-01 22:03:11 DriverListener [TestNG-test=Header-1-78] [INFO] PASS: element 'headerMenuButton[Merch]' is clicked.
2022-11-01 22:03:12 Messager [TestNG-test=Header-1-78] [ERROR] FAIL: wrong URL, expected 'https://www.gsmarena.com/' but actual 'https://www.gsmarena.com/videos.php3'!
2022-11-01 22:03:12 Messager [TestNG-test=Header-1-78] [ERROR] FAIL: wrong URL, expected 'https://www.gsmarena.com/' but actual 'https://www.gsmarena.com/videos.php3'!
2022-11-01 22:03:12 DriverListener [TestNG-test=Header-1-78] [INFO] Navigated back
2022-11-01 22:03:17 Messager [TestNG-test=Header-1-78] [INFO] INFO: navigate to previous page performed.
2022-11-01 22:03:18 DriverListener [TestNG-test=Header-1-78] [INFO] PASS: element 'headerMenuButton[Coverage]' is clicked.
2022-11-01 22:03:21 Messager [TestNG-test=Header-1-78] [ERROR] FAIL: wrong URL, expected 'https://www.gsmarena.com/' but actual 'https://www.gsmarena.com/network-bands.php3'!
2022-11-01 22:03:21 Messager [TestNG-test=Header-1-78] [ERROR] FAIL: wrong URL, expected 'https://www.gsmarena.com/' but actual 'https://www.gsmarena.com/network-bands.php3'!
2022-11-01 22:03:21 DriverListener [TestNG-test=Header-1-78] [INFO] Navigated back
2022-11-01 22:03:26 Messager [TestNG-test=Header-1-78] [INFO] INFO: navigate to previous page performed.
2022-11-01 22:03:27 DriverListener [TestNG-test=Header-1-78] [INFO] PASS: element 'headerMenuButton[Contact]' is clicked.
2022-11-01 22:03:29 Messager [TestNG-test=Header-1-78] [ERROR] FAIL: wrong URL, expected 'https://www.gsmarena.com/' but actual 'https://www.gsmarena.com/contact.php3'!
2022-11-01 22:03:29 Messager [TestNG-test=Header-1-78] [ERROR] FAIL: wrong URL, expected 'https://www.gsmarena.com/' but actual 'https://www.gsmarena.com/contact.php3'!
2022-11-01 22:03:30 DriverListener [TestNG-test=Header-1-78] [INFO] Navigated back
2022-11-01 22:03:32 Messager [TestNG-test=Header-1-78] [INFO] INFO: navigate to previous page performed.
2022-11-01 22:03:33 Messager [TestNG-test=Header-1-78] [INFO] TEST [Header - testHeaderMenu] PASSED at [22:03:33 2022-11-01]
]]></system-out>
    <system-err><![CDATA[лист. 01, 2022 10:00:07 ПП org.openqa.selenium.remote.ProtocolHandshake createSession
INFO: Detected dialect: W3C
]]></system-err>
  </testcase>
  <testcase name="testSignUp" classname="com.solvd.carina.demo.my_test_cases.SignUpTestCases" time="59.453">
    <system-out><![CDATA[2022-11-01 22:03:33 TestRunRegistrar [TestNG-test=SignUp-1] [WARN] Reporting disabled: using no op test run registrar
2022-11-01 22:03:33 Messager [TestNG-test=SignUp-1-100] [INFO] TEST [SignUp - testSignUp] STARTED at [22:03:33 2022-11-01]
2022-11-01 22:03:33 DriverFactory [TestNG-test=SignUp-1-100] [INFO] Starting driver session...
2022-11-01 22:03:38 DriverFactory [TestNG-test=SignUp-1-100] [INFO] Driver session started.
2022-11-01 22:03:38 Messager [TestNG-test=SignUp-1-100] [INFO] INFO: opening url 'https://www.gsmarena.com'
2022-11-01 22:03:39 DriverListener [TestNG-test=SignUp-1-100] [INFO] INFO: url 'https://www.gsmarena.com' is opened.
2022-11-01 22:04:11 DriverListener [TestNG-test=SignUp-1-100] [INFO] PASS: element 'signUpLink' is clicked.
2022-11-01 22:04:17 DriverListener [TestNG-test=SignUp-1-100] [INFO] PASS: keys cleared in element 'nicknameField'.
2022-11-01 22:04:18 DriverListener [TestNG-test=SignUp-1-100] [INFO] PASS: keys 'slavyop' are sent to element 'nicknameField'.
2022-11-01 22:04:19 DriverListener [TestNG-test=SignUp-1-100] [INFO] PASS: keys cleared in element 'emailField'.
2022-11-01 22:04:21 DriverListener [TestNG-test=SignUp-1-100] [INFO] PASS: keys 'sefshgnkkd@gmail.com' are sent to element 'emailField'.
2022-11-01 22:04:22 DriverListener [TestNG-test=SignUp-1-100] [INFO] PASS: keys cleared in element 'passwordField'.
2022-11-01 22:04:23 DriverListener [TestNG-test=SignUp-1-100] [INFO] PASS: keys 'qwxriihku' are sent to element 'passwordField'.
2022-11-01 22:04:24 DriverListener [TestNG-test=SignUp-1-100] [INFO] PASS: element 'firstCheckbox' is clicked.
2022-11-01 22:04:25 DriverListener [TestNG-test=SignUp-1-100] [INFO] PASS: element 'secondCheckbox' is clicked.
2022-11-01 22:04:28 DriverListener [TestNG-test=SignUp-1-100] [INFO] PASS: element 'submitButton' is clicked.
2022-11-01 22:04:33 Messager [TestNG-test=SignUp-1-100] [INFO] TEST [SignUp - testSignUp] PASSED at [22:04:33 2022-11-01]
]]></system-out>
    <system-err><![CDATA[лист. 01, 2022 10:03:37 ПП org.openqa.selenium.remote.ProtocolHandshake createSession
INFO: Detected dialect: W3C
]]></system-err>
  </testcase>
</testsuite>