<?xml version="1.0" encoding="UTF-8"?>
<!-- Generated by org.testng.reporters.JUnitXMLReporter -->
<testsuite ignored="1" hostname="WIN-RP7PLBP3FT3" failures="0" tests="8" name="LogIn" time="374.088" errors="0" timestamp="2022-11-01T21:56:05 EET">
  <testcase classname="com.solvd.carina.demo.my_test_cases.LogInTestCases" name="testNegativeLogIn" time="90.113"/>
  <testcase classname="com.solvd.carina.demo.my_test_cases.LogInTestCases" name="testLogInWindow" time="103.088"/>
  <testcase classname="com.solvd.carina.demo.my_test_cases.LogInTestCases" name="testNegativeLogIn" time="54.146"/>
  <testcase classname="com.solvd.carina.demo.my_test_cases.LogInTestCases" name="testNegativeLogIn" time="44.417"/>
  <testcase classname="com.solvd.carina.demo.my_test_cases.LogInTestCases" name="testNegativeLogIn" time="42.286"/>
  <testcase classname="com.solvd.carina.demo.my_test_cases.LogInTestCases" name="testNegativeLogIn" time="45.664"/>
  <testcase classname="com.solvd.carina.demo.my_test_cases.LogInTestCases" name="testNegativeLogIn" time="36.112"/>
  <testcase classname="com.solvd.carina.demo.my_test_cases.LogInTestCases" name="testNegativeLogIn" time="52.88"/>
  <testcase classname="com.solvd.carina.demo.my_test_cases.LogInTestCases" name="testLogIn" time="0.0">
    <ignored/>
  </testcase> <!-- testLogIn -->
</testsuite> <!-- LogIn -->
