<?xml version="1.0" encoding="UTF-8"?>
<!-- Generated by org.testng.reporters.JUnitXMLReporter -->
<testsuite ignored="1" hostname="WIN-RP7PLBP3FT3" failures="0" tests="8" name="NoPackage" time="762.262" errors="0" timestamp="2022-11-01T13:51:56 EET">
  <testcase classname="com.solvd.carina.demo.my_test_cases.LogInTestCases" name="testNegativeLogIn" time="144.69"/>
  <testcase classname="com.solvd.carina.demo.my_test_cases.LogInTestCases" name="testLogInWindow" time="213.843"/>
  <testcase classname="com.solvd.carina.demo.my_test_cases.LogInTestCases" name="testNegativeLogIn" time="84.883"/>
  <testcase classname="com.solvd.carina.demo.my_test_cases.LogInTestCases" name="testNegativeLogIn" time="70.712"/>
  <testcase classname="com.solvd.carina.demo.my_test_cases.LogInTestCases" name="testNegativeLogIn" time="107.101"/>
  <testcase classname="com.solvd.carina.demo.my_test_cases.LogInTestCases" name="testNegativeLogIn" time="80.699"/>
  <testcase classname="com.solvd.carina.demo.my_test_cases.LogInTestCases" name="testNegativeLogIn" time="153.881"/>
  <testcase classname="com.solvd.carina.demo.my_test_cases.LogInTestCases" name="testNegativeLogIn" time="104.93"/>
  <testcase classname="com.solvd.carina.demo.my_test_cases.LogInTestCases" name="testLogIn" time="0.0">
    <ignored/>
  </testcase> <!-- testLogIn -->
</testsuite> <!-- NoPackage -->
